[20:04:52][FINE/MorePlayerModels][noppes.mpm.MorePlayerModels:102] Wed May 31 20:04:52 EDT 2017
[20:04:52][FINE/MorePlayerModels][sun.reflect.NativeMethodAccessorImpl:-2] Loading
[20:07:55][SEVERE/MorePlayerModels][net.minecraftforge.fml.common.eventhandler.ASMEventHandler_568_PacketHandlerClient_onPacketData_ClientCustomPacketEvent:-1] Packet error: BACK_ITEM_UPDATE
[20:07:55][SEVERE/MorePlayerModels][net.minecraftforge.fml.common.eventhandler.ASMEventHandler_568_PacketHandlerClient_onPacketData_ClientCustomPacketEvent:-1] java.lang.NullPointerException
	at noppes.mpm.client.PacketHandlerClient.handlePacket(PacketHandlerClient.java:84)
	at noppes.mpm.client.PacketHandlerClient.onPacketData(PacketHandlerClient.java:30)
	at net.minecraftforge.fml.common.eventhandler.ASMEventHandler_568_PacketHandlerClient_onPacketData_ClientCustomPacketEvent.invoke(.dynamic)
	at net.minecraftforge.fml.common.eventhandler.ASMEventHandler.invoke(ASMEventHandler.java:90)
	at net.minecraftforge.fml.common.eventhandler.EventBus.post(EventBus.java:185)
	at net.minecraftforge.fml.common.network.FMLEventChannel.fireRead(FMLEventChannel.java:129)
	at net.minecraftforge.fml.common.network.NetworkEventFiringHandler.channelRead0(NetworkEventFiringHandler.java:51)
	at net.minecraftforge.fml.common.network.NetworkEventFiringHandler.channelRead0(NetworkEventFiringHandler.java:39)
	at io.netty.channel.SimpleChannelInboundHandler.channelRead(SimpleChannelInboundHandler.java:105)
	at io.netty.channel.AbstractChannelHandlerContext.invokeChannelRead(AbstractChannelHandlerContext.java:333)
	at io.netty.channel.AbstractChannelHandlerContext.fireChannelRead(AbstractChannelHandlerContext.java:319)
	at io.netty.channel.DefaultChannelPipeline.fireChannelRead(DefaultChannelPipeline.java:787)
	at io.netty.channel.embedded.EmbeddedChannel.writeInbound(EmbeddedChannel.java:169)
	at net.minecraftforge.fml.common.network.internal.FMLProxyPacket.func_148833_a(FMLProxyPacket.java:102)
	at net.minecraft.network.NetworkManager.channelRead0(NetworkManager.java:149)
	at net.minecraft.network.NetworkManager.channelRead0(NetworkManager.java:51)
	at io.netty.channel.SimpleChannelInboundHandler.channelRead(SimpleChannelInboundHandler.java:105)
	at io.netty.channel.AbstractChannelHandlerContext.invokeChannelRead(AbstractChannelHandlerContext.java:333)
	at io.netty.channel.AbstractChannelHandlerContext.fireChannelRead(AbstractChannelHandlerContext.java:319)
	at net.minecraftforge.fml.common.network.handshake.NetworkDispatcher.handleClientSideCustomPacket(NetworkDispatcher.java:410)
	at net.minecraftforge.fml.common.network.handshake.NetworkDispatcher.channelRead0(NetworkDispatcher.java:275)
	at net.minecraftforge.fml.common.network.handshake.NetworkDispatcher.channelRead0(NetworkDispatcher.java:73)
	at io.netty.channel.SimpleChannelInboundHandler.channelRead(SimpleChannelInboundHandler.java:105)
	at io.netty.channel.AbstractChannelHandlerContext.invokeChannelRead(AbstractChannelHandlerContext.java:333)
	at io.netty.channel.AbstractChannelHandlerContext.fireChannelRead(AbstractChannelHandlerContext.java:319)
	at io.netty.handler.codec.ByteToMessageDecoder.channelRead(ByteToMessageDecoder.java:163)
	at io.netty.channel.AbstractChannelHandlerContext.invokeChannelRead(AbstractChannelHandlerContext.java:333)
	at io.netty.channel.AbstractChannelHandlerContext.fireChannelRead(AbstractChannelHandlerContext.java:319)
	at io.netty.handler.codec.ByteToMessageDecoder.channelRead(ByteToMessageDecoder.java:163)
	at io.netty.channel.AbstractChannelHandlerContext.invokeChannelRead(AbstractChannelHandlerContext.java:333)
	at io.netty.channel.AbstractChannelHandlerContext.fireChannelRead(AbstractChannelHandlerContext.java:319)
	at io.netty.handler.codec.ByteToMessageDecoder.channelRead(ByteToMessageDecoder.java:163)
	at io.netty.channel.AbstractChannelHandlerContext.invokeChannelRead(AbstractChannelHandlerContext.java:333)
	at io.netty.channel.AbstractChannelHandlerContext.fireChannelRead(AbstractChannelHandlerContext.java:319)
	at io.netty.handler.codec.MessageToMessageDecoder.channelRead(MessageToMessageDecoder.java:103)
	at io.netty.channel.AbstractChannelHandlerContext.invokeChannelRead(AbstractChannelHandlerContext.java:333)
	at io.netty.channel.AbstractChannelHandlerContext.fireChannelRead(AbstractChannelHandlerContext.java:319)
	at io.netty.handler.timeout.ReadTimeoutHandler.channelRead(ReadTimeoutHandler.java:150)
	at io.netty.channel.AbstractChannelHandlerContext.invokeChannelRead(AbstractChannelHandlerContext.java:333)
	at io.netty.channel.AbstractChannelHandlerContext.fireChannelRead(AbstractChannelHandlerContext.java:319)
	at io.netty.channel.DefaultChannelPipeline.fireChannelRead(DefaultChannelPipeline.java:787)
	at io.netty.channel.nio.AbstractNioByteChannel$NioByteUnsafe.read(AbstractNioByteChannel.java:130)
	at io.netty.channel.nio.NioEventLoop.processSelectedKey(NioEventLoop.java:511)
	at io.netty.channel.nio.NioEventLoop.processSelectedKeysOptimized(NioEventLoop.java:468)
	at io.netty.channel.nio.NioEventLoop.processSelectedKeys(NioEventLoop.java:382)
	at io.netty.channel.nio.NioEventLoop.run(NioEventLoop.java:354)
	at io.netty.util.concurrent.SingleThreadEventExecutor$2.run(SingleThreadEventExecutor.java:116)
	at java.lang.Thread.run(Thread.java:745)
